mode: set
lawan-tambang-liar/usecases/district/district.go:10.139,15.2 1 1
lawan-tambang-liar/usecases/district/district.go:17.99,19.16 2 1
lawan-tambang-liar/usecases/district/district.go:19.16,21.3 1 1
lawan-tambang-liar/usecases/district/district.go:23.2,23.68 1 1
lawan-tambang-liar/usecases/district/district.go:23.68,25.3 1 1
lawan-tambang-liar/usecases/district/district.go:27.2,27.23 1 1
lawan-tambang-liar/usecases/district/district.go:30.81,32.16 2 1
lawan-tambang-liar/usecases/district/district.go:32.16,34.3 1 1
lawan-tambang-liar/usecases/district/district.go:36.2,36.23 1 1
lawan-tambang-liar/usecases/district/district.go:39.73,41.16 2 1
lawan-tambang-liar/usecases/district/district.go:41.16,43.3 1 1
lawan-tambang-liar/usecases/district/district.go:45.2,45.22 1 1
lawan-tambang-liar/usecases/admin/admin.go:14.82,18.2 1 1
lawan-tambang-liar/usecases/admin/admin.go:20.85,21.145 1 1
lawan-tambang-liar/usecases/admin/admin.go:21.145,23.3 1 1
lawan-tambang-liar/usecases/admin/admin.go:25.2,27.16 2 1
lawan-tambang-liar/usecases/admin/admin.go:27.16,28.47 1 1
lawan-tambang-liar/usecases/admin/admin.go:28.47,30.4 1 1
lawan-tambang-liar/usecases/admin/admin.go:30.9,30.57 1 1
lawan-tambang-liar/usecases/admin/admin.go:30.57,32.4 1 1
lawan-tambang-liar/usecases/admin/admin.go:32.9,32.78 1 1
lawan-tambang-liar/usecases/admin/admin.go:32.78,34.4 1 1
lawan-tambang-liar/usecases/admin/admin.go:34.9,34.78 1 1
lawan-tambang-liar/usecases/admin/admin.go:34.78,36.4 1 1
lawan-tambang-liar/usecases/admin/admin.go:36.9,38.4 1 1
lawan-tambang-liar/usecases/admin/admin.go:41.2,41.20 1 1
lawan-tambang-liar/usecases/admin/admin.go:44.77,45.50 1 1
lawan-tambang-liar/usecases/admin/admin.go:45.50,47.3 1 1
lawan-tambang-liar/usecases/admin/admin.go:49.2,50.16 2 1
lawan-tambang-liar/usecases/admin/admin.go:50.16,52.3 1 1
lawan-tambang-liar/usecases/admin/admin.go:54.2,54.24 1 1
lawan-tambang-liar/usecases/admin/admin.go:54.24,56.3 1 1
lawan-tambang-liar/usecases/admin/admin.go:56.8,58.3 1 1
lawan-tambang-liar/usecases/admin/admin.go:60.2,60.20 1 1
lawan-tambang-liar/usecases/admin/admin.go:63.59,65.16 2 1
lawan-tambang-liar/usecases/admin/admin.go:65.16,67.3 1 1
lawan-tambang-liar/usecases/admin/admin.go:69.2,69.20 1 1
lawan-tambang-liar/usecases/admin/admin.go:72.64,75.16 2 1
lawan-tambang-liar/usecases/admin/admin.go:75.16,77.3 1 1
lawan-tambang-liar/usecases/admin/admin.go:79.2,79.19 1 1
lawan-tambang-liar/usecases/admin/admin.go:82.70,83.13 1 1
lawan-tambang-liar/usecases/admin/admin.go:83.13,85.3 1 1
lawan-tambang-liar/usecases/admin/admin.go:87.2,89.16 2 1
lawan-tambang-liar/usecases/admin/admin.go:89.16,91.3 1 1
lawan-tambang-liar/usecases/admin/admin.go:93.2,93.19 1 1
lawan-tambang-liar/usecases/admin/admin.go:96.70,99.16 2 1
lawan-tambang-liar/usecases/admin/admin.go:99.16,101.3 1 1
lawan-tambang-liar/usecases/admin/admin.go:103.2,103.19 1 1
lawan-tambang-liar/usecases/admin/admin.go:106.91,107.23 1 1
lawan-tambang-liar/usecases/admin/admin.go:107.23,109.3 1 1
lawan-tambang-liar/usecases/admin/admin.go:111.2,113.16 2 1
lawan-tambang-liar/usecases/admin/admin.go:113.16,115.3 1 1
lawan-tambang-liar/usecases/admin/admin.go:117.2,117.19 1 1
lawan-tambang-liar/usecases/regency/regency.go:10.135,15.2 1 1
lawan-tambang-liar/usecases/regency/regency.go:17.77,19.16 2 1
lawan-tambang-liar/usecases/regency/regency.go:19.16,21.3 1 1
lawan-tambang-liar/usecases/regency/regency.go:23.2,23.68 1 1
lawan-tambang-liar/usecases/regency/regency.go:23.68,25.3 1 1
lawan-tambang-liar/usecases/regency/regency.go:27.2,27.23 1 1
lawan-tambang-liar/usecases/regency/regency.go:30.60,32.16 2 1
lawan-tambang-liar/usecases/regency/regency.go:32.16,34.3 1 1
lawan-tambang-liar/usecases/regency/regency.go:36.2,36.24 1 1
lawan-tambang-liar/usecases/regency/regency.go:39.63,41.16 2 1
lawan-tambang-liar/usecases/regency/regency.go:41.16,43.3 1 1
lawan-tambang-liar/usecases/regency/regency.go:45.2,45.23 1 1
lawan-tambang-liar/usecases/regency/regency.go:48.71,50.16 2 1
lawan-tambang-liar/usecases/regency/regency.go:50.16,52.3 1 1
lawan-tambang-liar/usecases/regency/regency.go:54.2,54.21 1 1
lawan-tambang-liar/usecases/report/report.go:16.231,23.2 1 1
lawan-tambang-liar/usecases/report/report.go:25.82,26.151 1 1
lawan-tambang-liar/usecases/report/report.go:26.151,28.3 1 1
lawan-tambang-liar/usecases/report/report.go:30.2,32.16 2 1
lawan-tambang-liar/usecases/report/report.go:32.16,33.71 1 1
lawan-tambang-liar/usecases/report/report.go:33.71,35.4 1 1
lawan-tambang-liar/usecases/report/report.go:35.9,35.78 1 1
lawan-tambang-liar/usecases/report/report.go:35.78,37.4 1 1
lawan-tambang-liar/usecases/report/report.go:37.9,39.4 1 1
lawan-tambang-liar/usecases/report/report.go:42.2,42.21 1 1
lawan-tambang-liar/usecases/report/report.go:45.164,46.29 1 1
lawan-tambang-liar/usecases/report/report.go:46.29,48.3 1 1
lawan-tambang-liar/usecases/report/report.go:50.2,52.16 2 1
lawan-tambang-liar/usecases/report/report.go:52.16,54.3 1 1
lawan-tambang-liar/usecases/report/report.go:56.2,56.21 1 1
lawan-tambang-liar/usecases/report/report.go:59.66,62.16 2 1
lawan-tambang-liar/usecases/report/report.go:62.16,64.3 1 1
lawan-tambang-liar/usecases/report/report.go:66.2,66.20 1 1
lawan-tambang-liar/usecases/report/report.go:69.81,70.151 1 1
lawan-tambang-liar/usecases/report/report.go:70.151,72.3 1 1
lawan-tambang-liar/usecases/report/report.go:74.2,76.16 2 1
lawan-tambang-liar/usecases/report/report.go:76.16,78.3 1 1
lawan-tambang-liar/usecases/report/report.go:80.2,80.20 1 1
lawan-tambang-liar/usecases/report/report.go:83.83,84.19 1 1
lawan-tambang-liar/usecases/report/report.go:84.19,86.3 1 1
lawan-tambang-liar/usecases/report/report.go:88.2,90.16 2 1
lawan-tambang-liar/usecases/report/report.go:90.16,92.3 1 1
lawan-tambang-liar/usecases/report/report.go:94.2,94.20 1 1
lawan-tambang-liar/usecases/report/report.go:97.76,98.19 1 1
lawan-tambang-liar/usecases/report/report.go:98.19,100.3 1 1
lawan-tambang-liar/usecases/report/report.go:102.2,104.16 2 1
lawan-tambang-liar/usecases/report/report.go:104.16,106.3 1 1
lawan-tambang-liar/usecases/report/report.go:108.2,108.20 1 1
lawan-tambang-liar/usecases/report/report.go:111.73,112.19 1 1
lawan-tambang-liar/usecases/report/report.go:112.19,114.3 1 1
lawan-tambang-liar/usecases/report/report.go:116.2,118.16 2 1
lawan-tambang-liar/usecases/report/report.go:118.16,120.3 1 1
lawan-tambang-liar/usecases/report/report.go:122.2,122.12 1 1
lawan-tambang-liar/usecases/report/report.go:125.131,128.16 2 1
lawan-tambang-liar/usecases/report/report.go:128.16,130.3 1 1
lawan-tambang-liar/usecases/report/report.go:132.2,132.18 1 1
lawan-tambang-liar/usecases/report/report.go:135.105,137.16 2 1
lawan-tambang-liar/usecases/report/report.go:137.16,139.3 1 1
lawan-tambang-liar/usecases/report/report.go:141.2,142.16 2 1
lawan-tambang-liar/usecases/report/report.go:142.16,144.3 1 1
lawan-tambang-liar/usecases/report/report.go:146.2,151.16 4 1
lawan-tambang-liar/usecases/report/report.go:151.16,153.3 1 1
lawan-tambang-liar/usecases/report/report.go:155.2,155.28 1 1
lawan-tambang-liar/usecases/report/report.go:158.87,159.20 1 1
lawan-tambang-liar/usecases/report/report.go:159.20,161.3 1 1
lawan-tambang-liar/usecases/report/report.go:163.2,170.16 3 1
lawan-tambang-liar/usecases/report/report.go:170.16,172.3 1 1
lawan-tambang-liar/usecases/report/report.go:174.2,174.21 1 1
lawan-tambang-liar/usecases/report/report.go:177.60,178.19 1 1
lawan-tambang-liar/usecases/report/report.go:178.19,180.3 1 1
lawan-tambang-liar/usecases/report/report.go:182.2,184.16 2 1
lawan-tambang-liar/usecases/report/report.go:184.16,186.3 1 1
lawan-tambang-liar/usecases/report/report.go:188.2,188.12 1 1
lawan-tambang-liar/usecases/report/report.go:191.60,192.19 1 1
lawan-tambang-liar/usecases/report/report.go:192.19,194.3 1 1
lawan-tambang-liar/usecases/report/report.go:196.2,198.16 2 1
lawan-tambang-liar/usecases/report/report.go:198.16,200.3 1 1
lawan-tambang-liar/usecases/report/report.go:202.2,202.12 1 1
lawan-tambang-liar/usecases/report_file/report_file.go:13.141,18.2 1 1
lawan-tambang-liar/usecases/report_file/report_file.go:20.113,22.23 2 1
lawan-tambang-liar/usecases/report_file/report_file.go:22.23,24.3 1 1
lawan-tambang-liar/usecases/report_file/report_file.go:26.2,27.37 2 1
lawan-tambang-liar/usecases/report_file/report_file.go:27.37,33.3 2 1
lawan-tambang-liar/usecases/report_file/report_file.go:35.2,37.16 2 1
lawan-tambang-liar/usecases/report_file/report_file.go:37.16,39.3 1 1
lawan-tambang-liar/usecases/report_file/report_file.go:42.2,43.33 2 1
lawan-tambang-liar/usecases/report_file/report_file.go:43.33,45.3 1 1
lawan-tambang-liar/usecases/report_file/report_file.go:47.2,47.34 1 1
lawan-tambang-liar/usecases/report_file/report_file.go:50.82,53.16 2 1
lawan-tambang-liar/usecases/report_file/report_file.go:53.16,55.3 1 1
lawan-tambang-liar/usecases/report_file/report_file.go:57.2,58.35 2 1
lawan-tambang-liar/usecases/report_file/report_file.go:58.35,60.3 1 1
lawan-tambang-liar/usecases/report_file/report_file.go:62.2,63.23 2 1
lawan-tambang-liar/usecases/report_file/report_file.go:63.23,65.3 1 1
lawan-tambang-liar/usecases/report_file/report_file.go:67.2,67.25 1 1
lawan-tambang-liar/usecases/report_solution_process_file/report_solution_process_file.go:13.201,18.2 1 1
lawan-tambang-liar/usecases/report_solution_process_file/report_solution_process_file.go:20.157,22.23 2 1
lawan-tambang-liar/usecases/report_solution_process_file/report_solution_process_file.go:22.23,24.3 1 1
lawan-tambang-liar/usecases/report_solution_process_file/report_solution_process_file.go:26.2,27.37 2 1
lawan-tambang-liar/usecases/report_solution_process_file/report_solution_process_file.go:27.37,33.3 2 1
lawan-tambang-liar/usecases/report_solution_process_file/report_solution_process_file.go:35.2,37.16 2 1
lawan-tambang-liar/usecases/report_solution_process_file/report_solution_process_file.go:37.16,39.3 1 1
lawan-tambang-liar/usecases/report_solution_process_file/report_solution_process_file.go:42.2,43.33 2 1
lawan-tambang-liar/usecases/report_solution_process_file/report_solution_process_file.go:43.33,45.3 1 1
lawan-tambang-liar/usecases/report_solution_process_file/report_solution_process_file.go:47.2,47.34 1 1
lawan-tambang-liar/usecases/report_solution_process_file/report_solution_process_file.go:50.126,53.16 2 1
lawan-tambang-liar/usecases/report_solution_process_file/report_solution_process_file.go:53.16,55.3 1 1
lawan-tambang-liar/usecases/report_solution_process_file/report_solution_process_file.go:57.2,58.35 2 1
lawan-tambang-liar/usecases/report_solution_process_file/report_solution_process_file.go:58.35,60.3 1 1
lawan-tambang-liar/usecases/report_solution_process_file/report_solution_process_file.go:62.2,63.23 2 1
lawan-tambang-liar/usecases/report_solution_process_file/report_solution_process_file.go:63.23,65.3 1 1
lawan-tambang-liar/usecases/report_solution_process_file/report_solution_process_file.go:67.2,67.25 1 1
lawan-tambang-liar/usecases/report_upvote/report_upvote.go:12.103,16.2 1 1
lawan-tambang-liar/usecases/report_upvote/report_upvote.go:18.109,19.34 1 1
lawan-tambang-liar/usecases/report_upvote/report_upvote.go:19.34,21.3 1 1
lawan-tambang-liar/usecases/report_upvote/report_upvote.go:23.2,30.16 3 1
lawan-tambang-liar/usecases/report_upvote/report_upvote.go:30.16,32.3 1 1
lawan-tambang-liar/usecases/report_upvote/report_upvote.go:34.2,34.34 1 1
lawan-tambang-liar/usecases/report_solution_process/report_solution_process.go:13.176,18.2 1 1
lawan-tambang-liar/usecases/report_solution_process/report_solution_process.go:20.142,21.156 1 1
lawan-tambang-liar/usecases/report_solution_process/report_solution_process.go:21.156,23.3 1 1
lawan-tambang-liar/usecases/report_solution_process/report_solution_process.go:25.2,27.16 2 1
lawan-tambang-liar/usecases/report_solution_process/report_solution_process.go:27.16,29.3 1 1
lawan-tambang-liar/usecases/report_solution_process/report_solution_process.go:31.2,31.36 1 1
lawan-tambang-liar/usecases/report_solution_process/report_solution_process.go:34.110,37.16 2 1
lawan-tambang-liar/usecases/report_solution_process/report_solution_process.go:37.16,39.3 1 1
lawan-tambang-liar/usecases/report_solution_process/report_solution_process.go:41.2,41.37 1 1
lawan-tambang-liar/usecases/report_solution_process/report_solution_process.go:44.137,47.16 2 1
lawan-tambang-liar/usecases/report_solution_process/report_solution_process.go:47.16,49.3 1 1
lawan-tambang-liar/usecases/report_solution_process/report_solution_process.go:51.2,51.35 1 1
lawan-tambang-liar/usecases/report_solution_process/report_solution_process.go:54.141,55.41 1 1
lawan-tambang-liar/usecases/report_solution_process/report_solution_process.go:55.41,57.3 1 1
lawan-tambang-liar/usecases/report_solution_process/report_solution_process.go:59.2,61.16 2 1
lawan-tambang-liar/usecases/report_solution_process/report_solution_process.go:61.16,63.3 1 1
lawan-tambang-liar/usecases/report_solution_process/report_solution_process.go:65.2,65.28 1 1
lawan-tambang-liar/usecases/report_solution_process/report_solution_process.go:68.96,71.24 2 1
lawan-tambang-liar/usecases/report_solution_process/report_solution_process.go:71.24,76.3 1 1
lawan-tambang-liar/usecases/report_solution_process/report_solution_process.go:76.8,76.33 1 1
lawan-tambang-liar/usecases/report_solution_process/report_solution_process.go:76.33,81.3 1 1
lawan-tambang-liar/usecases/report_solution_process/report_solution_process.go:81.8,81.31 1 1
lawan-tambang-liar/usecases/report_solution_process/report_solution_process.go:81.31,86.3 1 1
lawan-tambang-liar/usecases/report_solution_process/report_solution_process.go:86.8,88.3 1 1
lawan-tambang-liar/usecases/report_solution_process/report_solution_process.go:89.2,91.16 2 1
lawan-tambang-liar/usecases/report_solution_process/report_solution_process.go:91.16,93.3 1 1
lawan-tambang-liar/usecases/report_solution_process/report_solution_process.go:95.2,95.21 1 1
lawan-tambang-liar/usecases/user/user.go:14.79,18.2 1 1
lawan-tambang-liar/usecases/user/user.go:20.76,21.68 1 1
lawan-tambang-liar/usecases/user/user.go:21.68,23.3 1 1
lawan-tambang-liar/usecases/user/user.go:25.2,27.16 2 1
lawan-tambang-liar/usecases/user/user.go:27.16,28.51 1 1
lawan-tambang-liar/usecases/user/user.go:28.51,29.48 1 1
lawan-tambang-liar/usecases/user/user.go:29.48,31.5 1 1
lawan-tambang-liar/usecases/user/user.go:31.10,31.58 1 1
lawan-tambang-liar/usecases/user/user.go:31.58,33.5 1 1
lawan-tambang-liar/usecases/user/user.go:34.9,36.4 1 1
lawan-tambang-liar/usecases/user/user.go:39.2,39.19 1 1
lawan-tambang-liar/usecases/user/user.go:42.73,43.48 1 1
lawan-tambang-liar/usecases/user/user.go:43.48,45.3 1 1
lawan-tambang-liar/usecases/user/user.go:47.2,51.16 3 1
lawan-tambang-liar/usecases/user/user.go:51.16,53.3 1 1
lawan-tambang-liar/usecases/user/user.go:55.2,55.19 1 1
lawan-tambang-liar/usecases/user/user.go:58.57,61.16 2 1
lawan-tambang-liar/usecases/user/user.go:61.16,63.3 1 1
lawan-tambang-liar/usecases/user/user.go:65.2,65.19 1 1
lawan-tambang-liar/usecases/user/user.go:68.62,71.16 2 1
lawan-tambang-liar/usecases/user/user.go:71.16,73.3 1 1
lawan-tambang-liar/usecases/user/user.go:75.2,75.18 1 1
lawan-tambang-liar/usecases/user/user.go:78.61,81.16 2 1
lawan-tambang-liar/usecases/user/user.go:81.16,83.3 1 1
lawan-tambang-liar/usecases/user/user.go:85.2,85.18 1 1
lawan-tambang-liar/usecases/user/user.go:88.89,89.23 1 1
lawan-tambang-liar/usecases/user/user.go:89.23,91.3 1 1
lawan-tambang-liar/usecases/user/user.go:93.2,95.16 2 1
lawan-tambang-liar/usecases/user/user.go:95.16,97.3 1 1
lawan-tambang-liar/usecases/user/user.go:99.2,99.18 1 1
lawan-tambang-liar/usecases/user/user.go:102.68,105.16 2 1
lawan-tambang-liar/usecases/user/user.go:105.16,107.3 1 1
lawan-tambang-liar/usecases/user/user.go:109.2,109.18 1 1
